<?xml version="1.0" encoding="UTF-8"?>
<!-- Generated by org.testng.reporters.JUnitXMLReporter -->
<testsuite ignored="0" hostname="DESKTOP-S1P5SNO" failures="0" tests="10" name="Regression1" time="100.931" errors="0" timestamp="11 May 2021 07:44:46 GMT">
  <testcase classname="com.finalProject.RunAllProject" name="bai1" time="2.481"/>
  <testcase classname="com.finalProject.RunAllProject" name="bai10" time="0.139"/>
  <testcase classname="com.finalProject.RunAllProject" name="bai11" time="6.709"/>
  <testcase classname="com.finalProject.RunAllProject" name="bai13" time="31.348"/>
  <testcase classname="com.finalProject.RunAllProject" name="bai14" time="6.636"/>
  <testcase classname="com.finalProject.RunAllProject" name="bai3" time="2.972"/>
  <testcase classname="com.finalProject.RunAllProject" name="bai4" time="0.002"/>
  <testcase classname="com.finalProject.RunAllProject" name="bai5" time="0.151"/>
  <testcase classname="com.finalProject.RunAllProject" name="bai6" time="4.649"/>
  <testcase classname="com.finalProject.RunAllProject" name="bai7" time="4.359"/>
</testsuite> <!-- Regression1 -->
