<?xml version="1.0" encoding="UTF-8"?>
<!-- Generated by org.testng.reporters.JUnitXMLReporter -->
<testsuite ignored="0" hostname="DESKTOP-S1P5SNO" failures="1" tests="3" name="Firefox Test" time="31.122" errors="0" timestamp="29 Apr 2021 07:10:14 GMT">
  <testcase classname="com.finalProject.RunInFireFox" name="samp6" time="5.538"/>
  <testcase classname="com.finalProject.RunInFireFox" name="samp7" time="4.982"/>
  <testcase classname="com.finalProject.RunInFireFox" name="samp8" time="2.328">
    <failure type="org.openqa.selenium.interactions.MoveTargetOutOfBoundsException" message="(457, 1082) is out of bounds of viewport width (1920) and height (966)
Build info: version: &amp;apos;3.4.0&amp;apos;, revision: &amp;apos;unknown&amp;apos;, time: &amp;apos;unknown&amp;apos;
System info: host: &amp;apos;DESKTOP-S1P5SNO&amp;apos;, ip: &amp;apos;10.10.31.30&amp;apos;, os.name: &amp;apos;Windows 10&amp;apos;, os.arch: &amp;apos;amd64&amp;apos;, os.version: &amp;apos;10.0&amp;apos;, java.version: &amp;apos;16&amp;apos;
Driver info: org.openqa.selenium.firefox.FirefoxDriver
Capabilities [{moz:profile=C:\Users\LQA.DESKTOP-S1P5SNO\AppData\Local\Temp\rust_mozprofileUOcOXR, rotatable=false, moz:geckodriverVersion=0.29.1, timeouts={implicit=0.0, pageLoad=300000.0, script=30000.0}, pageLoadStrategy=normal, unhandledPromptBehavior=dismiss and notify, strictFileInteractability=false, moz:headless=false, platform=ANY, moz:accessibilityChecks=false, moz:useNonSpecCompliantPointerOrigin=false, acceptInsecureCerts=false, browserVersion=88.0, moz:shutdownTimeout=60000.0, platformVersion=10.0, moz:processID=18812.0, browserName=firefox, moz:buildID=20210415204500, javascriptEnabled=true, platformName=windows, setWindowRect=true, moz:webdriverClick=true}]
Session ID: 87cc0f57-42ea-44bf-90f8-3c9c4c15a1f7">
      <![CDATA[org.openqa.selenium.interactions.MoveTargetOutOfBoundsException: (457, 1082) is out of bounds of viewport width (1920) and height (966)
Build info: version: '3.4.0', revision: 'unknown', time: 'unknown'
System info: host: 'DESKTOP-S1P5SNO', ip: '10.10.31.30', os.name: 'Windows 10', os.arch: 'amd64', os.version: '10.0', java.version: '16'
Driver info: org.openqa.selenium.firefox.FirefoxDriver
Capabilities [{moz:profile=C:\Users\LQA.DESKTOP-S1P5SNO\AppData\Local\Temp\rust_mozprofileUOcOXR, rotatable=false, moz:geckodriverVersion=0.29.1, timeouts={implicit=0.0, pageLoad=300000.0, script=30000.0}, pageLoadStrategy=normal, unhandledPromptBehavior=dismiss and notify, strictFileInteractability=false, moz:headless=false, platform=ANY, moz:accessibilityChecks=false, moz:useNonSpecCompliantPointerOrigin=false, acceptInsecureCerts=false, browserVersion=88.0, moz:shutdownTimeout=60000.0, platformVersion=10.0, moz:processID=18812.0, browserName=firefox, moz:buildID=20210415204500, javascriptEnabled=true, platformName=windows, setWindowRect=true, moz:webdriverClick=true}]
Session ID: 87cc0f57-42ea-44bf-90f8-3c9c4c15a1f7
at org.openqa.selenium.remote.http.W3CHttpResponseCodec.createException(W3CHttpResponseCodec.java:150)
at org.openqa.selenium.remote.http.W3CHttpResponseCodec.decode(W3CHttpResponseCodec.java:115)
at org.openqa.selenium.remote.http.W3CHttpResponseCodec.decode(W3CHttpResponseCodec.java:45)
at org.openqa.selenium.remote.HttpCommandExecutor.execute(HttpCommandExecutor.java:164)
at org.openqa.selenium.remote.service.DriverCommandExecutor.execute(DriverCommandExecutor.java:82)
at org.openqa.selenium.remote.RemoteWebDriver.execute(RemoteWebDriver.java:637)
at org.openqa.selenium.remote.RemoteWebDriver.perform(RemoteWebDriver.java:703)
at org.openqa.selenium.interactions.Actions$BuiltAction.perform(Actions.java:631)
at com.finalProject.RunInFireFox.samp8(RunInFireFox.java:72)
... Removed 30 stack frames]]>
    </failure>
  </testcase> <!-- samp8 -->
</testsuite> <!-- Firefox Test -->
